[debug] [2026-03-16T12:23:22.496Z] ----------------------------------------------------------------------
[debug] [2026-03-16T12:23:22.501Z] Command:       C:\Program Files\nodejs\node.exe C:\Users\Antonio.Appleton\AppData\Roaming\npm\node_modules\firebase-tools\lib\bin\firebase.js init hosting
[debug] [2026-03-16T12:23:22.501Z] CLI Version:   15.10.0
[debug] [2026-03-16T12:23:22.502Z] Platform:      win32
[debug] [2026-03-16T12:23:22.502Z] Node Version:  v22.22.0
[debug] [2026-03-16T12:23:22.502Z] Time:          Mon Mar 16 2026 12:23:22 GMT+0000 (Hora padrão da Europa Ocidental)
[debug] [2026-03-16T12:23:22.502Z] ----------------------------------------------------------------------
[debug] 
[info] 
     ######## #### ########  ######## ########     ###     ######  ########
     ##        ##  ##     ## ##       ##     ##  ##   ##  ##       ##
     ######    ##  ########  ######   ########  #########  ######  ######
     ##        ##  ##    ##  ##       ##     ## ##     ##       ## ##
     ##       #### ##     ## ######## ########  ##     ##  ######  ########

You're about to initialize a Firebase project in this directory:

  C:\Users\Antonio.Appleton\Documents\ProgramingCourse\GitProjectos\EduSphere

[info] 
=== Project Setup
[info] 
[info] First, let's associate this project directory with a Firebase project.
[info] You can create multiple project aliases by running firebase use --add, 
[info] 
